<?xml version="1.0" encoding="UTF-8"?>
<testsuite name="RobotTest" tests="3" skipped="0" failures="0" errors="0" timestamp="2015-08-24T15:09:05" hostname="Matthew-Morgans-MacBook-Pro.local" time="0.004">
  <properties/>
  <testcase name="hasName" classname="RobotTest" time="0.002"/>
  <testcase name="differentRobotsHaveDifferentNames" classname="RobotTest" time="0.001"/>
  <testcase name="resetName" classname="RobotTest" time="0.001"/>
  <system-out><![CDATA[]]></system-out>
  <system-err><![CDATA[]]></system-err>
</testsuite>
