<?xml version="1.0" encoding="UTF-8"?>
<testsuite name="SchoolTest" tests="7" skipped="0" failures="0" errors="0" timestamp="2015-06-26T21:32:54" hostname="Matthew-Morgans-MacBook-Pro.local" time="0.018">
  <properties/>
  <testcase name="startsWithNoStudents" classname="SchoolTest" time="0.011"/>
  <testcase name="addsStudents" classname="SchoolTest" time="0.004"/>
  <testcase name="addsMoreStudentsInSameGrade" classname="SchoolTest" time="0.001"/>
  <testcase name="addsStudentsInMultipleGrades" classname="SchoolTest" time="0.0"/>
  <testcase name="getsStudentsInAGrade" classname="SchoolTest" time="0.0"/>
  <testcase name="getsStudentsInEmptyGrade" classname="SchoolTest" time="0.001"/>
  <testcase name="sortsSchool" classname="SchoolTest" time="0.0"/>
  <system-out><![CDATA[]]></system-out>
  <system-err><![CDATA[]]></system-err>
</testsuite>
