<?xml version="1.0" encoding="UTF-8"?>
<testsuite name="HammingTest" tests="4" skipped="0" failures="0" errors="0" timestamp="2015-06-26T19:06:05" hostname="Matthew-Morgans-MacBook-Pro.local" time="0.004">
  <properties/>
  <testcase name="testNoDifferenceBetweenIdenticalStrands" classname="HammingTest" time="0.003"/>
  <testcase name="testSmallHammingDistance" classname="HammingTest" time="0.0"/>
  <testcase name="testCompleteHammingDistanceOfForSingleNucleotideStrand" classname="HammingTest" time="0.0"/>
  <testcase name="testCompleteHammingDistanceForSmallStrand" classname="HammingTest" time="0.0"/>
  <system-out><![CDATA[]]></system-out>
  <system-err><![CDATA[]]></system-err>
</testsuite>
